Log file open, 07/27/17 16:16:13
LogInit:Display: Running engine for game: Pong
LogPlatformFile: Not using cached read wrapper
LogInit:Display: RandInit(-1800357171) SRandInit(-1800357171).
LogTaskGraph: Started task graph with 5 named threads and 8 total threads with 1 sets of task threads.
LogStats: Stats thread started at 0.095471
LogInit: Using libcurl 7.47.1
LogInit:  - built for x86_64-pc-win32
LogInit:  - supports SSL with OpenSSL/1.0.2g
LogInit:  - supports HTTP deflate (compression) using libz 1.2.8
LogInit:  - other features:
LogInit:      CURL_VERSION_SSL
LogInit:      CURL_VERSION_LIBZ
LogInit:      CURL_VERSION_IPV6
LogInit:      CURL_VERSION_ASYNCHDNS
LogInit:      CURL_VERSION_LARGEFILE
LogInit:      CURL_VERSION_IDN
LogInit:  CurlRequestOptions (configurable via config and command line):
LogInit:  - bVerifyPeer = false  - Libcurl will NOT verify peer certificate
LogInit:  - bUseHttpProxy = false  - Libcurl will NOT use HTTP proxy
LogInit:  - bDontReuseConnections = false  - Libcurl will reuse connections
LogInit:  - CertBundlePath = nullptr  - Libcurl will use whatever was configured at build time.
LogInit: Build: ++UE4+Release-4.16-CL-3514769
LogInit: Engine Version: 4.16.2-3514769+++UE4+Release-4.16
LogInit: Compatible Engine Version: 4.16.0-3452394+++UE4+Release-4.16
LogInit: Net CL: 3452394
LogDevObjectVersion: Number of dev versions registered: 16
LogDevObjectVersion:   Dev-Blueprints (B0D832E4-1F89-4F0D-ACCF-7EB736FD4AA2): 9
LogDevObjectVersion:   Dev-Build (E1C64328-A22C-4D53-A36C-8E866417BD8C): 0
LogDevObjectVersion:   Dev-Core (375EC13C-06E4-48FB-B500-84F0262A717E): 2
LogDevObjectVersion:   Dev-Editor (E4B068ED-F494-42E9-A231-DA0B2E46BB41): 17
LogDevObjectVersion:   Dev-Framework (CFFC743F-43B0-4480-9391-14DF171D2073): 23
LogDevObjectVersion:   Dev-Mobile (B02B49B5-BB20-44E9-A304-32B752E40360): 0
LogDevObjectVersion:   Dev-Networking (A4E4105C-59A1-49B5-A7C5-40C4547EDFEE): 0
LogDevObjectVersion:   Dev-Online (39C831C9-5AE6-47DC-9A44-9C173E1C8E7C): 0
LogDevObjectVersion:   Dev-Physics (78F01B33-EBEA-4F98-B9B4-84EACCB95AA2): 0
LogDevObjectVersion:   Dev-Platform (6631380F-2D4D-43E0-8009-CF276956A95A): 0
LogDevObjectVersion:   Dev-Rendering (12F88B9F-8875-4AFC-A67C-D90C383ABD29): 15
LogDevObjectVersion:   Dev-Sequencer (7B5AE74C-D270-4C10-A958-57980B212A5A): 4
LogDevObjectVersion:   Dev-VR (D7296918-1DD6-4BDD-9DE2-64A83CC13884): 0
LogDevObjectVersion:   Dev-LoadTimes (C2A15278-BFE7-4AFE-6C17-90FF531DF755): 1
LogDevObjectVersion:   Private-Geometry (6EACA3D4-40EC-4CC1-B786-8BED09428FC5): 1
LogDevObjectVersion:   Dev-AnimPhys (29E575DD-E0A3-4627-9D10-D276232CDCEA): 3
LogInit: Compiled (64-bit): Jun 29 2017 02:03:24
LogInit: Compiled with Visual C++: 19.00.24215.01
LogInit: Build Configuration: Development
LogInit: Branch Name: ++UE4+Release-4.16
LogInit: Command line:  /Temp/Autosaves/Game/Levels/UEDPCMenu -game -PIEVIACONSOLE -ResX=1280 -ResY=720  -Multiprocess -messaging -SessionName="Play in Standalone Game" -windowed 
LogInit: Base directory: C:/Program Files/Epic Games/UE_4.16/Engine/Binaries/Win64/
LogInit: Installed Engine Build: 1
LogInit: Presizing for max 8388607 objects, including 0 objects not considered by GC, pre-allocating 0 bytes for permanent pool.
LogInit: Object subsystem initialized
[2017.07.27-13.16.13:677][  0]LogInit: Selected Device Profile: [Windows]
[2017.07.27-13.16.13:677][  0]LogInit: Applying CVar settings loaded from the selected device profile: [Windows]
[2017.07.27-13.16.13:681][  0]LogInit: Computer: DESKTOP-AH966GN
[2017.07.27-13.16.13:681][  0]LogInit: User: Bomberman
[2017.07.27-13.16.13:681][  0]LogInit: CPU Page size=4096, Cores=4
[2017.07.27-13.16.13:681][  0]LogInit: High frequency timer resolution =3.323583 MHz
[2017.07.27-13.16.13:681][  0]LogMemory: Memory total: Physical=32.0GB (32GB approx)
[2017.07.27-13.16.13:681][  0]LogMemory: Platform Memory Stats for Windows
[2017.07.27-13.16.13:681][  0]LogMemory: Process Physical Memory: 272.23 MB used, 272.23 MB peak
[2017.07.27-13.16.13:681][  0]LogMemory: Process Virtual Memory: 258.78 MB used, 258.78 MB peak
[2017.07.27-13.16.13:681][  0]LogMemory: Physical Memory: 16044.25 MB used,  16683.93 MB free, 32728.18 MB total
[2017.07.27-13.16.13:681][  0]LogMemory: Virtual Memory: 635.40 MB used,  16683.93 MB free, 134217728.00 MB total
[2017.07.27-13.16.13:762][  0]LogInit: Using OS detected language (en-US).
[2017.07.27-13.16.13:762][  0]LogInit: Using OS detected locale (en-US).
[2017.07.27-13.16.13:765][  0]LogTextLocalizationManager: No specific localization for 'en-US' exists, so the 'en' localization will be used.
[2017.07.27-13.16.14:490][  0]LogD3D11RHI: D3D11 adapters:
[2017.07.27-13.16.14:502][  0]LogD3D11RHI:    0. 'AMD Radeon R9 200 / HD 7900 Series' (Feature Level 11_0)
[2017.07.27-13.16.14:502][  0]LogD3D11RHI:       3053/0/16364 MB DedicatedVideo/DedicatedSystem/SharedSystem, Outputs:2, VendorId:0x1002
[2017.07.27-13.16.14:503][  0]LogD3D11RHI:    1. 'Microsoft Basic Render Driver' (Feature Level 11_0)
[2017.07.27-13.16.14:503][  0]LogD3D11RHI:       0/0/16364 MB DedicatedVideo/DedicatedSystem/SharedSystem, Outputs:0, VendorId:0x1414
[2017.07.27-13.16.14:503][  0]LogD3D11RHI: Chosen D3D11 Adapter: 0
[2017.07.27-13.16.14:507][  0]LogD3D11RHI: Creating new Direct3DDevice
[2017.07.27-13.16.14:507][  0]LogD3D11RHI:     GPU DeviceId: 0x6798 (for the marketing name, search the web for "GPU Device Id")
[2017.07.27-13.16.14:507][  0]LogWindows: EnumDisplayDevices:
[2017.07.27-13.16.14:507][  0]LogWindows:    0. 'AMD Radeon R9 200 / HD 7900 Series' (P:0 D:1)
[2017.07.27-13.16.14:508][  0]LogWindows:    1. 'AMD Radeon R9 200 / HD 7900 Series' (P:1 D:1)
[2017.07.27-13.16.14:508][  0]LogWindows:    2. 'AMD Radeon R9 200 / HD 7900 Series' (P:0 D:0)
[2017.07.27-13.16.14:508][  0]LogWindows:    3. 'AMD Radeon R9 200 / HD 7900 Series' (P:0 D:0)
[2017.07.27-13.16.14:508][  0]LogWindows:    4. 'AMD Radeon R9 200 / HD 7900 Series' (P:0 D:0)
[2017.07.27-13.16.14:509][  0]LogWindows:    5. 'AMD Radeon R9 200 / HD 7900 Series' (P:0 D:0)
[2017.07.27-13.16.14:509][  0]LogWindows: DebugString: FoundDriverCount:6 
[2017.07.27-13.16.14:509][  0]LogD3D11RHI:     Adapter Name: AMD Radeon R9 200 / HD 7900 Series
[2017.07.27-13.16.14:509][  0]LogD3D11RHI:   Driver Version: Crimson ReLive 17.1.1 (internal:22.19.162.4, unified:22.19.162.4)
[2017.07.27-13.16.14:509][  0]LogD3D11RHI:      Driver Date: 4-24-2017
[2017.07.27-13.16.14:509][  0]LogRHI: Texture pool is 1361 MB (70% of 1945 MB)
[2017.07.27-13.16.14:554][  0]LogD3D11RHI: Async texture creation enabled
[2017.07.27-13.16.14:566][  0]LogD3D11RHI: GPU Timing Frequency: 27.000000 (Debug: 2 1)
[2017.07.27-13.16.14:567][  0]LogShaderCompilers: Guid format shader working directory is 25 characters bigger than the processId version (B:/Work/UnrealEngine/Pong/Intermediate/Shaders/WorkingDirectory/4392/).
[2017.07.27-13.16.14:567][  0]LogShaderCompilers: Cleaned the shader compiler working directory 'C:/Users/Bomberman/AppData/Local/Temp/UnrealShaderWorkingDir/8A08313146E282D212EB5CA65838BE91/'.
[2017.07.27-13.16.14:567][  0]LogShaderCompilers:Display: Using Local Shader Compiler.
[2017.07.27-13.16.15:624][  0]LogTemp:Display: Loaded TP WindowsClientTargetPlatform
[2017.07.27-13.16.15:681][  0]LogTemp:Display: Loaded TP WindowsNoEditorTargetPlatform
[2017.07.27-13.16.15:739][  0]LogTemp:Display: Loaded TP WindowsServerTargetPlatform
[2017.07.27-13.16.15:791][  0]LogTemp:Display: Loaded TP WindowsTargetPlatform
[2017.07.27-13.16.15:791][  0]LogTargetPlatformManager:Display: Building Assets For Windows
[2017.07.27-13.16.16:360][  0]LogDerivedDataCache:Display: Max Cache Size: 512 MB
[2017.07.27-13.16.16:433][  0]LogDerivedDataCache: Loaded boot cache 0.07s 90MB C:/Users/Bomberman/AppData/Local/UnrealEngine/4.16/DerivedDataCache/Boot.ddc.
[2017.07.27-13.16.16:433][  0]LogDerivedDataCache:Display: Loaded Boot cache: C:/Users/Bomberman/AppData/Local/UnrealEngine/4.16/DerivedDataCache/Boot.ddc
[2017.07.27-13.16.16:433][  0]LogDerivedDataCache: FDerivedDataBackendGraph:  Pak pak cache file B:/Work/UnrealEngine/Pong/DerivedDataCache/DDC.ddp not found, will not use a pak cache.
[2017.07.27-13.16.16:433][  0]LogDerivedDataCache: Unable to find inner node Pak for hierarchical cache Hierarchy.
[2017.07.27-13.16.16:433][  0]LogDerivedDataCache: FDerivedDataBackendGraph:  CompressedPak pak cache file B:/Work/UnrealEngine/Pong/DerivedDataCache/Compressed.ddp not found, will not use a pak cache.
[2017.07.27-13.16.16:433][  0]LogDerivedDataCache: Unable to find inner node CompressedPak for hierarchical cache Hierarchy.
[2017.07.27-13.16.16:451][  0]LogDerivedDataCache:Display: Pak cache opened for reading ../../../Engine/DerivedDataCache/Compressed.ddp.
[2017.07.27-13.16.16:462][  0]LogDerivedDataCache: Using Local data cache path C:/Users/Bomberman/AppData/Local/UnrealEngine/Common/DerivedDataCache: Writable
[2017.07.27-13.16.16:473][  0]LogMaterial: Verifying Global Shaders for PCD3D_SM5
[2017.07.27-13.16.16:473][  0]LogSlate: Using Freetype 2.6.0
[2017.07.27-13.16.16:474][  0]LogSlate: SlateFontCache - WITH_FREETYPE: 1, WITH_HARFBUZZ: 1
[2017.07.27-13.16.16:474][  0]LogSlate: SlateFontCache - WITH_FREETYPE: 1, WITH_HARFBUZZ: 1
[2017.07.27-13.16.16:756][  0]LogAssetRegistry: FAssetRegistry took 0.0039 seconds to start up
[2017.07.27-13.16.16:766][  0]LogPackageLocalizationCache: Processed 4 localized package path(s) for 2 prioritized culture(s) in 0.009724 seconds
[2017.07.27-13.16.16:849][  0]LogInit: Selected Device Profile: [Windows]
[2017.07.27-13.16.16:921][  0]LogContentStreaming: Texture pool size is 1000.00 MB
[2017.07.27-13.16.17:091][  0]LogMeshUtilities: Using QuadricMeshReduction for automatic static mesh reduction
[2017.07.27-13.16.17:146][  0]LogSimplygon: Simplygon DLL not present - disabling.
[2017.07.27-13.16.17:202][  0]LogMeshUtilities: Using SimplygonSwarm for distributed automatic mesh merging
[2017.07.27-13.16.17:202][  0]LogMeshUtilities: No automatic skeletal mesh reduction module available
[2017.07.27-13.16.17:202][  0]LogMeshUtilities: No automatic mesh merging module available
[2017.07.27-13.16.17:744][  0]LogNetVersion: Pong , NetCL: 3452394, EngineNetVer: 2, GameNetVer: 0 (Checksum: 1168985068)
[2017.07.27-13.16.17:838][  0]LogInit: WinSock: version 1.1 (2.2), MaxSocks=32767, MaxUdp=65467
[2017.07.27-13.16.19:083][  0]LogMoviePlayer: Initializing movie player
[2017.07.27-13.16.19:135][  0]LogWindowsTextInputMethodSystem:Display: IME system now deactivated.
[2017.07.27-13.16.19:417][  0]LogCollectionManager: Loaded 0 collections in 0.001379 seconds
[2017.07.27-13.16.19:476][  0]LogFileCache: Scanning file cache for directory 'B:/Work/UnrealEngine/Pong/Saved/Collections/' took 0.01s
[2017.07.27-13.16.19:476][  0]LogFileCache: Scanning file cache for directory 'B:/Work/UnrealEngine/Pong/Content/Developers/Bomberman/Collections/' took 0.01s
[2017.07.27-13.16.19:476][  0]LogFileCache: Scanning file cache for directory 'B:/Work/UnrealEngine/Pong/Content/Collections/' took 0.01s
[2017.07.27-13.16.19:476][  0]LogCollectionManager: Rebuilt the object cache for 0 collections in 0.000002 seconds (found 0 objects)
[2017.07.27-13.16.19:476][  0]LogCollectionManager: Fixed up redirectors for 0 collections in 0.000042 seconds (updated 0 objects)
[2017.07.27-13.16.19:667][  0]LogTcpMessaging: Initializing TcpMessaging bridge
[2017.07.27-13.16.19:710][  0]LogUdpMessaging: Initializing bridge on interface 0.0.0.0:0 to multicast group 230.0.0.1:6666.
[2017.07.27-13.16.20:164][  0]SourceControl: Info Source control is disabled
[2017.07.27-13.16.20:164][  0]SourceControl: Info Source control is disabled
[2017.07.27-13.16.20:216][  0]SourceControl: Info Source control is disabled
[2017.07.27-13.16.20:508][  0]LogAndroidPermission: UAndroidPermissionCallbackProxy::GetInstance
[2017.07.27-13.16.20:996][  0]LogUObjectArray: 37220 objects as part of root set at end of initial load.
[2017.07.27-13.16.20:996][  0]LogUObjectAllocator: 8398840 out of 0 bytes used by permanent object pool.
[2017.07.27-13.16.20:996][  0]LogUObjectArray: CloseDisregardForGC: 0/0 objects in disregard for GC pool
[2017.07.27-13.16.21:115][  0]LogEngine: Initializing Engine...
[2017.07.27-13.16.21:116][  0]LogHMD: Failed to initialize OpenVR with code 110
[2017.07.27-13.16.21:285][  0]LogStats: UGameplayTagsManager::ConstructGameplayTagTree: Construct from data asset -  0.000 s
[2017.07.27-13.16.21:286][  0]LogStats: UGameplayTagsManager::ConstructGameplayTagTree: GameplayTagTreeChangedEvent.Broadcast -  0.000 s
[2017.07.27-13.16.21:310][  0]LogInit: XAudio2 using 'Speakers (VIA HD Audio)' : 2 channels at 48 kHz using 32 bits per sample (channel mask 0x3)
[2017.07.27-13.16.21:325][  0]LogInit: FAudioDevice initialized.
[2017.07.27-13.16.21:344][  0]LogInit: Texture streaming: Enabled
[2017.07.27-13.16.21:361][  0]LogMaterial: Uniform references updated for custom material expression Custom.
[2017.07.27-13.16.21:648][  0]LogSlateStyle:Warning: Unable to find Slate Widget Style 'NormalText'. Using FTextBlockStyle defaults instead.
[2017.07.27-13.16.21:648][  0]LogSlateStyle:Warning: Unable to find Slate Widget Style 'SpinBox'. Using FSpinBoxStyle defaults instead.
[2017.07.27-13.16.21:896][  0]LogInit:Display: Game Engine Initialized.
[2017.07.27-13.16.22:074][  0]LogInit:Display: Starting Game.
[2017.07.27-13.16.22:074][  0]LogNet: Browse: /Temp/Autosaves/Game/Levels/UEDPCMenu?Name=Player
[2017.07.27-13.16.22:075][  0]LogLoad: LoadMap: /Temp/Autosaves/Game/Levels/UEDPCMenu?Name=Player
[2017.07.27-13.16.22:092][  0]LogMemory: Platform Memory Stats for Windows
[2017.07.27-13.16.22:092][  0]LogMemory: Process Physical Memory: 729.29 MB used, 831.26 MB peak
[2017.07.27-13.16.22:092][  0]LogMemory: Process Virtual Memory: 906.96 MB used, 956.18 MB peak
[2017.07.27-13.16.22:092][  0]LogMemory: Physical Memory: 16464.14 MB used,  16264.04 MB free, 32728.18 MB total
[2017.07.27-13.16.22:092][  0]LogMemory: Virtual Memory: 1510.59 MB used,  16264.04 MB free, 134217728.00 MB total
[2017.07.27-13.16.22:092][  0]LogMemory: 
[2017.07.27-13.16.22:092][  0]Allocator Stats for TBB: (not implemented)
[2017.07.27-13.16.22:260][  0]LogAIModule: Creating AISystem for world Menu
[2017.07.27-13.16.22:285][  0]LogLoad: Game class is 'BP_Pong_GameMode_C'
[2017.07.27-13.16.22:287][  0]LogWorld: Bringing World /Temp/Autosaves/Game/Levels/UEDPCMenu.Menu up for play (max tick rate 0) at 2017.07.27-16.16.22
[2017.07.27-13.16.22:287][  0]LogWorld: Bringing up level for play took: 0.000733
[2017.07.27-13.16.22:290][  0]LogLoad: Took 0.215676 seconds to LoadMap(/Temp/Autosaves/Game/Levels/UEDPCMenu)
[2017.07.27-13.16.22:528][  0]LogRenderer: Reallocating scene render targets to support 1280x720 NumSamples 1 (Frame:1).
[2017.07.27-13.16.22:528][  0]LogLoad: (Engine Initialization) Total time: 10.27 seconds
[2017.07.27-13.16.22:528][  0]LogLoad: (Engine Initialization) Total Blueprint compile time: 0.08 seconds
[2017.07.27-13.16.22:528][  0]LogExternalProfiler: No external profilers were discovered.  External profiling features will not be available.
[2017.07.27-13.16.22:545][  0]LogOcInput: OculusInput pre-init called
[2017.07.27-13.16.22:545][  0]LogHMD: Starting GearVRController plugin
[2017.07.27-13.16.25:462][177]LogPackageName: SearchForPackageOnDisk took   0.063s to resolve P1_Main.umap.
[2017.07.27-13.16.25:525][177]LogPackageName: SearchForPackageOnDisk took   0.062s to resolve P1_Main.umap.
[2017.07.27-13.16.25:525][177]LogNet: Browse: /Game/Levels/P1_Main
[2017.07.27-13.16.25:525][177]LogLoad: LoadMap: /Game/Levels/P1_Main
[2017.07.27-13.16.25:543][177]LogMemory: Platform Memory Stats for Windows
[2017.07.27-13.16.25:543][177]LogMemory: Process Physical Memory: 713.71 MB used, 831.26 MB peak
[2017.07.27-13.16.25:543][177]LogMemory: Process Virtual Memory: 1068.07 MB used, 1109.40 MB peak
[2017.07.27-13.16.25:543][177]LogMemory: Physical Memory: 16445.39 MB used,  16282.79 MB free, 32728.18 MB total
[2017.07.27-13.16.25:543][177]LogMemory: Virtual Memory: 1687.65 MB used,  16282.79 MB free, 134217728.00 MB total
[2017.07.27-13.16.25:543][177]LogMemory: 
[2017.07.27-13.16.25:543][177]Allocator Stats for TBB: (not implemented)
[2017.07.27-13.16.25:712][177]LogAIModule: Creating AISystem for world P1_Main
[2017.07.27-13.16.25:716][177]LogLoad: Game class is 'BP_Pong_GameMode_C'
[2017.07.27-13.16.25:720][177]LogWorld: Bringing World /Game/Levels/P1_Main.P1_Main up for play (max tick rate 0) at 2017.07.27-16.16.25
[2017.07.27-13.16.25:720][177]LogWorld: Bringing up level for play took: 0.003017
[2017.07.27-13.16.25:721][177]LogLoad: Took 0.195552 seconds to LoadMap(/Game/Levels/P1_Main)
[2017.07.27-13.16.27:137][258]LogPackageName: SearchForPackageOnDisk took   0.123s to resolve Menu.umap.
[2017.07.27-13.16.27:203][259]LogPackageName: SearchForPackageOnDisk took   0.064s to resolve Menu.umap.
[2017.07.27-13.16.27:203][259]LogNet: Browse: /Game/Levels/Menu
[2017.07.27-13.16.27:203][259]LogLoad: LoadMap: /Game/Levels/Menu
[2017.07.27-13.16.27:226][259]LogMemory: Platform Memory Stats for Windows
[2017.07.27-13.16.27:227][259]LogMemory: Process Physical Memory: 726.95 MB used, 831.26 MB peak
[2017.07.27-13.16.27:227][259]LogMemory: Process Virtual Memory: 1136.27 MB used, 1145.13 MB peak
[2017.07.27-13.16.27:227][259]LogMemory: Physical Memory: 16459.14 MB used,  16269.04 MB free, 32728.18 MB total
[2017.07.27-13.16.27:227][259]LogMemory: Virtual Memory: 1780.09 MB used,  16269.04 MB free, 134217728.00 MB total
[2017.07.27-13.16.27:227][259]LogMemory: 
[2017.07.27-13.16.27:227][259]Allocator Stats for TBB: (not implemented)
[2017.07.27-13.16.27:252][259]LogAIModule: Creating AISystem for world Menu
[2017.07.27-13.16.27:278][259]LogLoad: Game class is 'BP_Pong_GameMode_C'
[2017.07.27-13.16.27:280][259]LogWorld: Bringing World /Game/Levels/Menu.Menu up for play (max tick rate 0) at 2017.07.27-16.16.27
[2017.07.27-13.16.27:280][259]LogWorld: Bringing up level for play took: 0.000599
[2017.07.27-13.16.27:280][259]LogGameMode: FindPlayerStart: PATHS NOT DEFINED or NO PLAYERSTART with positive rating
[2017.07.27-13.16.27:282][259]LogLoad: Took 0.079361 seconds to LoadMap(/Game/Levels/Menu)
[2017.07.27-13.16.47:380][499]LogWindowsTextInputMethodSystem:Display: IME system now deactivated.
[2017.07.27-13.16.47:382][499]LogWindowsTextInputMethodSystem:Display: IME system now deactivated.
[2017.07.27-13.16.47:383][499]LogEngine: All Windows Closed
[2017.07.27-13.16.47:383][499]LogWindows: FPlatformMisc::RequestExit(0)
[2017.07.27-13.16.48:128][500]LogExit: Preparing to exit.
[2017.07.27-13.16.48:128][500]LogMoviePlayer: Shutting down movie player
