Log file open, 07/27/17 16:14:34
LogInit:Display: Running engine for game: Pong
LogPlatformFile: Not using cached read wrapper
LogInit:Display: RandInit(-2128084961) SRandInit(-2128084961).
LogTaskGraph: Started task graph with 5 named threads and 8 total threads with 1 sets of task threads.
LogStats: Stats thread started at 0.100118
LogInit: Using libcurl 7.47.1
LogInit:  - built for x86_64-pc-win32
LogInit:  - supports SSL with OpenSSL/1.0.2g
LogInit:  - supports HTTP deflate (compression) using libz 1.2.8
LogInit:  - other features:
LogInit:      CURL_VERSION_SSL
LogInit:      CURL_VERSION_LIBZ
LogInit:      CURL_VERSION_IPV6
LogInit:      CURL_VERSION_ASYNCHDNS
LogInit:      CURL_VERSION_LARGEFILE
LogInit:      CURL_VERSION_IDN
LogInit:  CurlRequestOptions (configurable via config and command line):
LogInit:  - bVerifyPeer = false  - Libcurl will NOT verify peer certificate
LogInit:  - bUseHttpProxy = false  - Libcurl will NOT use HTTP proxy
LogInit:  - bDontReuseConnections = false  - Libcurl will reuse connections
LogInit:  - CertBundlePath = nullptr  - Libcurl will use whatever was configured at build time.
LogInit: Build: ++UE4+Release-4.16-CL-3514769
LogInit: Engine Version: 4.16.2-3514769+++UE4+Release-4.16
LogInit: Compatible Engine Version: 4.16.0-3452394+++UE4+Release-4.16
LogInit: Net CL: 3452394
LogDevObjectVersion: Number of dev versions registered: 16
LogDevObjectVersion:   Dev-Blueprints (B0D832E4-1F89-4F0D-ACCF-7EB736FD4AA2): 9
LogDevObjectVersion:   Dev-Build (E1C64328-A22C-4D53-A36C-8E866417BD8C): 0
LogDevObjectVersion:   Dev-Core (375EC13C-06E4-48FB-B500-84F0262A717E): 2
LogDevObjectVersion:   Dev-Editor (E4B068ED-F494-42E9-A231-DA0B2E46BB41): 17
LogDevObjectVersion:   Dev-Framework (CFFC743F-43B0-4480-9391-14DF171D2073): 23
LogDevObjectVersion:   Dev-Mobile (B02B49B5-BB20-44E9-A304-32B752E40360): 0
LogDevObjectVersion:   Dev-Networking (A4E4105C-59A1-49B5-A7C5-40C4547EDFEE): 0
LogDevObjectVersion:   Dev-Online (39C831C9-5AE6-47DC-9A44-9C173E1C8E7C): 0
LogDevObjectVersion:   Dev-Physics (78F01B33-EBEA-4F98-B9B4-84EACCB95AA2): 0
LogDevObjectVersion:   Dev-Platform (6631380F-2D4D-43E0-8009-CF276956A95A): 0
LogDevObjectVersion:   Dev-Rendering (12F88B9F-8875-4AFC-A67C-D90C383ABD29): 15
LogDevObjectVersion:   Dev-Sequencer (7B5AE74C-D270-4C10-A958-57980B212A5A): 4
LogDevObjectVersion:   Dev-VR (D7296918-1DD6-4BDD-9DE2-64A83CC13884): 0
LogDevObjectVersion:   Dev-LoadTimes (C2A15278-BFE7-4AFE-6C17-90FF531DF755): 1
LogDevObjectVersion:   Private-Geometry (6EACA3D4-40EC-4CC1-B786-8BED09428FC5): 1
LogDevObjectVersion:   Dev-AnimPhys (29E575DD-E0A3-4627-9D10-D276232CDCEA): 3
LogInit: Compiled (64-bit): Jun 29 2017 02:03:24
LogInit: Compiled with Visual C++: 19.00.24215.01
LogInit: Build Configuration: Development
LogInit: Branch Name: ++UE4+Release-4.16
LogInit: Command line:  /Temp/Autosaves/Game/Levels/UEDPCP1_Main -game -PIEVIACONSOLE -ResX=1280 -ResY=720  -Multiprocess -messaging -SessionName="Play in Standalone Game" -windowed 
LogInit: Base directory: C:/Program Files/Epic Games/UE_4.16/Engine/Binaries/Win64/
LogInit: Installed Engine Build: 1
LogInit: Presizing for max 8388607 objects, including 0 objects not considered by GC, pre-allocating 0 bytes for permanent pool.
LogInit: Object subsystem initialized
[2017.07.27-13.14.35:113][  0]LogInit: Selected Device Profile: [Windows]
[2017.07.27-13.14.35:113][  0]LogInit: Applying CVar settings loaded from the selected device profile: [Windows]
[2017.07.27-13.14.35:117][  0]LogInit: Computer: DESKTOP-AH966GN
[2017.07.27-13.14.35:117][  0]LogInit: User: Bomberman
[2017.07.27-13.14.35:117][  0]LogInit: CPU Page size=4096, Cores=4
[2017.07.27-13.14.35:117][  0]LogInit: High frequency timer resolution =3.323583 MHz
[2017.07.27-13.14.35:117][  0]LogMemory: Memory total: Physical=32.0GB (32GB approx)
[2017.07.27-13.14.35:117][  0]LogMemory: Platform Memory Stats for Windows
[2017.07.27-13.14.35:117][  0]LogMemory: Process Physical Memory: 272.24 MB used, 272.24 MB peak
[2017.07.27-13.14.35:117][  0]LogMemory: Process Virtual Memory: 258.81 MB used, 258.81 MB peak
[2017.07.27-13.14.35:117][  0]LogMemory: Physical Memory: 16054.85 MB used,  16673.33 MB free, 32728.18 MB total
[2017.07.27-13.14.35:117][  0]LogMemory: Virtual Memory: 635.40 MB used,  16673.33 MB free, 134217728.00 MB total
[2017.07.27-13.14.35:202][  0]LogInit: Using OS detected language (en-US).
[2017.07.27-13.14.35:202][  0]LogInit: Using OS detected locale (en-US).
[2017.07.27-13.14.35:205][  0]LogTextLocalizationManager: No specific localization for 'en-US' exists, so the 'en' localization will be used.
[2017.07.27-13.14.35:977][  0]LogD3D11RHI: D3D11 adapters:
[2017.07.27-13.14.35:994][  0]LogD3D11RHI:    0. 'AMD Radeon R9 200 / HD 7900 Series' (Feature Level 11_0)
[2017.07.27-13.14.35:994][  0]LogD3D11RHI:       3053/0/16364 MB DedicatedVideo/DedicatedSystem/SharedSystem, Outputs:2, VendorId:0x1002
[2017.07.27-13.14.35:995][  0]LogD3D11RHI:    1. 'Microsoft Basic Render Driver' (Feature Level 11_0)
[2017.07.27-13.14.35:995][  0]LogD3D11RHI:       0/0/16364 MB DedicatedVideo/DedicatedSystem/SharedSystem, Outputs:0, VendorId:0x1414
[2017.07.27-13.14.35:995][  0]LogD3D11RHI: Chosen D3D11 Adapter: 0
[2017.07.27-13.14.35:999][  0]LogD3D11RHI: Creating new Direct3DDevice
[2017.07.27-13.14.35:999][  0]LogD3D11RHI:     GPU DeviceId: 0x6798 (for the marketing name, search the web for "GPU Device Id")
[2017.07.27-13.14.35:999][  0]LogWindows: EnumDisplayDevices:
[2017.07.27-13.14.35:999][  0]LogWindows:    0. 'AMD Radeon R9 200 / HD 7900 Series' (P:0 D:1)
[2017.07.27-13.14.35:999][  0]LogWindows:    1. 'AMD Radeon R9 200 / HD 7900 Series' (P:1 D:1)
[2017.07.27-13.14.35:999][  0]LogWindows:    2. 'AMD Radeon R9 200 / HD 7900 Series' (P:0 D:0)
[2017.07.27-13.14.36:000][  0]LogWindows:    3. 'AMD Radeon R9 200 / HD 7900 Series' (P:0 D:0)
[2017.07.27-13.14.36:000][  0]LogWindows:    4. 'AMD Radeon R9 200 / HD 7900 Series' (P:0 D:0)
[2017.07.27-13.14.36:000][  0]LogWindows:    5. 'AMD Radeon R9 200 / HD 7900 Series' (P:0 D:0)
[2017.07.27-13.14.36:000][  0]LogWindows: DebugString: FoundDriverCount:6 
[2017.07.27-13.14.36:000][  0]LogD3D11RHI:     Adapter Name: AMD Radeon R9 200 / HD 7900 Series
[2017.07.27-13.14.36:000][  0]LogD3D11RHI:   Driver Version: Crimson ReLive 17.1.1 (internal:22.19.162.4, unified:22.19.162.4)
[2017.07.27-13.14.36:000][  0]LogD3D11RHI:      Driver Date: 4-24-2017
[2017.07.27-13.14.36:000][  0]LogRHI: Texture pool is 1361 MB (70% of 1945 MB)
[2017.07.27-13.14.36:045][  0]LogD3D11RHI: Async texture creation enabled
[2017.07.27-13.14.36:057][  0]LogD3D11RHI: GPU Timing Frequency: 27.000000 (Debug: 2 1)
[2017.07.27-13.14.36:058][  0]LogShaderCompilers: Guid format shader working directory is 24 characters bigger than the processId version (B:/Work/UnrealEngine/Pong/Intermediate/Shaders/WorkingDirectory/11428/).
[2017.07.27-13.14.36:058][  0]LogShaderCompilers: Cleaned the shader compiler working directory 'C:/Users/Bomberman/AppData/Local/Temp/UnrealShaderWorkingDir/8E9EAF4E498FC447360CD49539E83EF3/'.
[2017.07.27-13.14.36:058][  0]LogShaderCompilers:Display: Using Local Shader Compiler.
[2017.07.27-13.14.37:136][  0]LogTemp:Display: Loaded TP WindowsClientTargetPlatform
[2017.07.27-13.14.37:196][  0]LogTemp:Display: Loaded TP WindowsNoEditorTargetPlatform
[2017.07.27-13.14.37:259][  0]LogTemp:Display: Loaded TP WindowsServerTargetPlatform
[2017.07.27-13.14.37:310][  0]LogTemp:Display: Loaded TP WindowsTargetPlatform
[2017.07.27-13.14.37:310][  0]LogTargetPlatformManager:Display: Building Assets For Windows
[2017.07.27-13.14.37:893][  0]LogDerivedDataCache:Display: Max Cache Size: 512 MB
[2017.07.27-13.14.37:972][  0]LogDerivedDataCache: Loaded boot cache 0.08s 90MB C:/Users/Bomberman/AppData/Local/UnrealEngine/4.16/DerivedDataCache/Boot.ddc.
[2017.07.27-13.14.37:972][  0]LogDerivedDataCache:Display: Loaded Boot cache: C:/Users/Bomberman/AppData/Local/UnrealEngine/4.16/DerivedDataCache/Boot.ddc
[2017.07.27-13.14.37:972][  0]LogDerivedDataCache: FDerivedDataBackendGraph:  Pak pak cache file B:/Work/UnrealEngine/Pong/DerivedDataCache/DDC.ddp not found, will not use a pak cache.
[2017.07.27-13.14.37:972][  0]LogDerivedDataCache: Unable to find inner node Pak for hierarchical cache Hierarchy.
[2017.07.27-13.14.37:972][  0]LogDerivedDataCache: FDerivedDataBackendGraph:  CompressedPak pak cache file B:/Work/UnrealEngine/Pong/DerivedDataCache/Compressed.ddp not found, will not use a pak cache.
[2017.07.27-13.14.37:972][  0]LogDerivedDataCache: Unable to find inner node CompressedPak for hierarchical cache Hierarchy.
[2017.07.27-13.14.37:992][  0]LogDerivedDataCache:Display: Pak cache opened for reading ../../../Engine/DerivedDataCache/Compressed.ddp.
[2017.07.27-13.14.38:003][  0]LogDerivedDataCache: Using Local data cache path C:/Users/Bomberman/AppData/Local/UnrealEngine/Common/DerivedDataCache: Writable
[2017.07.27-13.14.38:014][  0]LogMaterial: Verifying Global Shaders for PCD3D_SM5
[2017.07.27-13.14.38:014][  0]LogSlate: Using Freetype 2.6.0
[2017.07.27-13.14.38:015][  0]LogSlate: SlateFontCache - WITH_FREETYPE: 1, WITH_HARFBUZZ: 1
[2017.07.27-13.14.38:015][  0]LogSlate: SlateFontCache - WITH_FREETYPE: 1, WITH_HARFBUZZ: 1
[2017.07.27-13.14.38:316][  0]LogAssetRegistry: FAssetRegistry took 0.0043 seconds to start up
[2017.07.27-13.14.38:324][  0]LogPackageLocalizationCache: Processed 4 localized package path(s) for 2 prioritized culture(s) in 0.008477 seconds
[2017.07.27-13.14.38:408][  0]LogInit: Selected Device Profile: [Windows]
[2017.07.27-13.14.38:478][  0]LogContentStreaming: Texture pool size is 1000.00 MB
[2017.07.27-13.14.38:650][  0]LogMeshUtilities: Using QuadricMeshReduction for automatic static mesh reduction
[2017.07.27-13.14.38:703][  0]LogSimplygon: Simplygon DLL not present - disabling.
[2017.07.27-13.14.38:760][  0]LogMeshUtilities: Using SimplygonSwarm for distributed automatic mesh merging
[2017.07.27-13.14.38:760][  0]LogMeshUtilities: No automatic skeletal mesh reduction module available
[2017.07.27-13.14.38:760][  0]LogMeshUtilities: No automatic mesh merging module available
[2017.07.27-13.14.39:297][  0]LogNetVersion: Pong , NetCL: 3452394, EngineNetVer: 2, GameNetVer: 0 (Checksum: 1168985068)
[2017.07.27-13.14.39:387][  0]LogInit: WinSock: version 1.1 (2.2), MaxSocks=32767, MaxUdp=65467
[2017.07.27-13.14.40:609][  0]LogMoviePlayer: Initializing movie player
[2017.07.27-13.14.40:684][  0]LogWindowsTextInputMethodSystem:Display: IME system now deactivated.
[2017.07.27-13.14.40:991][  0]LogCollectionManager: Loaded 0 collections in 0.001323 seconds
[2017.07.27-13.14.41:049][  0]LogFileCache: Scanning file cache for directory 'B:/Work/UnrealEngine/Pong/Saved/Collections/' took 0.01s
[2017.07.27-13.14.41:049][  0]LogFileCache: Scanning file cache for directory 'B:/Work/UnrealEngine/Pong/Content/Developers/Bomberman/Collections/' took 0.01s
[2017.07.27-13.14.41:049][  0]LogFileCache: Scanning file cache for directory 'B:/Work/UnrealEngine/Pong/Content/Collections/' took 0.01s
[2017.07.27-13.14.41:049][  0]LogCollectionManager: Rebuilt the object cache for 0 collections in 0.000002 seconds (found 0 objects)
[2017.07.27-13.14.41:049][  0]LogCollectionManager: Fixed up redirectors for 0 collections in 0.000036 seconds (updated 0 objects)
[2017.07.27-13.14.41:239][  0]LogTcpMessaging: Initializing TcpMessaging bridge
[2017.07.27-13.14.41:282][  0]LogUdpMessaging: Initializing bridge on interface 0.0.0.0:0 to multicast group 230.0.0.1:6666.
[2017.07.27-13.14.41:741][  0]SourceControl: Info Source control is disabled
[2017.07.27-13.14.41:741][  0]SourceControl: Info Source control is disabled
[2017.07.27-13.14.41:796][  0]SourceControl: Info Source control is disabled
[2017.07.27-13.14.42:097][  0]LogAndroidPermission: UAndroidPermissionCallbackProxy::GetInstance
[2017.07.27-13.14.42:596][  0]LogUObjectArray: 37220 objects as part of root set at end of initial load.
[2017.07.27-13.14.42:596][  0]LogUObjectAllocator: 8398840 out of 0 bytes used by permanent object pool.
[2017.07.27-13.14.42:596][  0]LogUObjectArray: CloseDisregardForGC: 0/0 objects in disregard for GC pool
[2017.07.27-13.14.42:716][  0]LogEngine: Initializing Engine...
[2017.07.27-13.14.42:717][  0]LogHMD: Failed to initialize OpenVR with code 110
[2017.07.27-13.14.42:893][  0]LogStats: UGameplayTagsManager::ConstructGameplayTagTree: Construct from data asset -  0.000 s
[2017.07.27-13.14.42:893][  0]LogStats: UGameplayTagsManager::ConstructGameplayTagTree: GameplayTagTreeChangedEvent.Broadcast -  0.000 s
[2017.07.27-13.14.42:916][  0]LogInit: XAudio2 using 'Speakers (VIA HD Audio)' : 2 channels at 48 kHz using 32 bits per sample (channel mask 0x3)
[2017.07.27-13.14.42:932][  0]LogInit: FAudioDevice initialized.
[2017.07.27-13.14.42:951][  0]LogInit: Texture streaming: Enabled
[2017.07.27-13.14.42:972][  0]LogMaterial: Uniform references updated for custom material expression Custom.
[2017.07.27-13.14.43:271][  0]LogSlateStyle:Warning: Unable to find Slate Widget Style 'NormalText'. Using FTextBlockStyle defaults instead.
[2017.07.27-13.14.43:271][  0]LogSlateStyle:Warning: Unable to find Slate Widget Style 'SpinBox'. Using FSpinBoxStyle defaults instead.
[2017.07.27-13.14.43:520][  0]LogInit:Display: Game Engine Initialized.
[2017.07.27-13.14.43:703][  0]LogInit:Display: Starting Game.
[2017.07.27-13.14.43:704][  0]LogNet: Browse: /Temp/Autosaves/Game/Levels/UEDPCP1_Main?Name=Player
[2017.07.27-13.14.43:704][  0]LogLoad: LoadMap: /Temp/Autosaves/Game/Levels/UEDPCP1_Main?Name=Player
[2017.07.27-13.14.43:722][  0]LogMemory: Platform Memory Stats for Windows
[2017.07.27-13.14.43:722][  0]LogMemory: Process Physical Memory: 724.11 MB used, 829.66 MB peak
[2017.07.27-13.14.43:722][  0]LogMemory: Process Virtual Memory: 904.80 MB used, 956.09 MB peak
[2017.07.27-13.14.43:722][  0]LogMemory: Physical Memory: 16471.77 MB used,  16256.41 MB free, 32728.18 MB total
[2017.07.27-13.14.43:722][  0]LogMemory: Virtual Memory: 1508.58 MB used,  16256.41 MB free, 134217728.00 MB total
[2017.07.27-13.14.43:722][  0]LogMemory: 
[2017.07.27-13.14.43:722][  0]Allocator Stats for TBB: (not implemented)
[2017.07.27-13.14.44:049][  0]LogAIModule: Creating AISystem for world P1_Main
[2017.07.27-13.14.44:053][  0]LogLoad: Game class is 'BP_Pong_GameMode_C'
[2017.07.27-13.14.44:057][  0]LogWorld: Bringing World /Temp/Autosaves/Game/Levels/UEDPCP1_Main.P1_Main up for play (max tick rate 0) at 2017.07.27-16.14.44
[2017.07.27-13.14.44:058][  0]LogWorld: Bringing up level for play took: 0.003298
[2017.07.27-13.14.44:059][  0]LogLoad: Took 0.355280 seconds to LoadMap(/Temp/Autosaves/Game/Levels/UEDPCP1_Main)
[2017.07.27-13.14.44:299][  0]LogRenderer: Reallocating scene render targets to support 1280x720 NumSamples 1 (Frame:1).
[2017.07.27-13.14.44:299][  0]LogLoad: (Engine Initialization) Total time: 10.65 seconds
[2017.07.27-13.14.44:299][  0]LogLoad: (Engine Initialization) Total Blueprint compile time: 0.13 seconds
[2017.07.27-13.14.44:299][  0]LogExternalProfiler: No external profilers were discovered.  External profiling features will not be available.
[2017.07.27-13.14.44:315][  0]LogOcInput: OculusInput pre-init called
[2017.07.27-13.14.44:315][  0]LogHMD: Starting GearVRController plugin
[2017.07.27-13.14.50:463][381]LogNet: Browse: /Temp/Autosaves/Game/Levels/UEDPCP1_Main
[2017.07.27-13.14.50:463][381]LogLoad: LoadMap: /Temp/Autosaves/Game/Levels/UEDPCP1_Main
[2017.07.27-13.14.50:502][381]LogMemory: Platform Memory Stats for Windows
[2017.07.27-13.14.50:502][381]LogMemory: Process Physical Memory: 731.73 MB used, 829.66 MB peak
[2017.07.27-13.14.50:502][381]LogMemory: Process Virtual Memory: 1108.09 MB used, 1109.13 MB peak
[2017.07.27-13.14.50:502][381]LogMemory: Physical Memory: 16474.12 MB used,  16254.06 MB free, 32728.18 MB total
[2017.07.27-13.14.50:502][381]LogMemory: Virtual Memory: 1726.77 MB used,  16254.06 MB free, 134217728.00 MB total
[2017.07.27-13.14.50:502][381]LogMemory: 
[2017.07.27-13.14.50:502][381]Allocator Stats for TBB: (not implemented)
[2017.07.27-13.14.50:671][381]LogAIModule: Creating AISystem for world P1_Main
[2017.07.27-13.14.50:675][381]LogLoad: Game class is 'BP_Pong_GameMode_C'
[2017.07.27-13.14.50:678][381]LogWorld: Bringing World /Temp/Autosaves/Game/Levels/UEDPCP1_Main.P1_Main up for play (max tick rate 0) at 2017.07.27-16.14.50
[2017.07.27-13.14.50:678][381]LogWorld: Bringing up level for play took: 0.002749
[2017.07.27-13.14.50:680][381]LogLoad: Took 0.216118 seconds to LoadMap(/Temp/Autosaves/Game/Levels/UEDPCP1_Main)
[2017.07.27-13.14.52:149][473]LogNet: Browse: /Temp/Autosaves/Game/Levels/UEDPCP1_Main
[2017.07.27-13.14.52:149][473]LogLoad: LoadMap: /Temp/Autosaves/Game/Levels/UEDPCP1_Main
[2017.07.27-13.14.52:183][473]LogMemory: Platform Memory Stats for Windows
[2017.07.27-13.14.52:183][473]LogMemory: Process Physical Memory: 737.67 MB used, 829.66 MB peak
[2017.07.27-13.14.52:183][473]LogMemory: Process Virtual Memory: 1170.95 MB used, 1179.80 MB peak
[2017.07.27-13.14.52:183][473]LogMemory: Physical Memory: 16480.84 MB used,  16247.34 MB free, 32728.18 MB total
[2017.07.27-13.14.52:183][473]LogMemory: Virtual Memory: 1796.02 MB used,  16247.34 MB free, 134217728.00 MB total
[2017.07.27-13.14.52:183][473]LogMemory: 
[2017.07.27-13.14.52:184][473]Allocator Stats for TBB: (not implemented)
[2017.07.27-13.14.52:365][473]LogAIModule: Creating AISystem for world P1_Main
[2017.07.27-13.14.52:369][473]LogLoad: Game class is 'BP_Pong_GameMode_C'
[2017.07.27-13.14.52:373][473]LogWorld: Bringing World /Temp/Autosaves/Game/Levels/UEDPCP1_Main.P1_Main up for play (max tick rate 0) at 2017.07.27-16.14.52
[2017.07.27-13.14.52:373][473]LogWorld: Bringing up level for play took: 0.002768
[2017.07.27-13.14.52:374][473]LogLoad: Took 0.224949 seconds to LoadMap(/Temp/Autosaves/Game/Levels/UEDPCP1_Main)
[2017.07.27-13.14.53:382][531]LogPackageName: SearchForPackageOnDisk took   0.086s to resolve Menu.umap.
[2017.07.27-13.14.53:446][532]LogPackageName: SearchForPackageOnDisk took   0.062s to resolve Menu.umap.
[2017.07.27-13.14.53:446][532]LogNet: Browse: /Game/Levels/Menu
[2017.07.27-13.14.53:446][532]LogLoad: LoadMap: /Game/Levels/Menu
[2017.07.27-13.14.53:467][532]LogMemory: Platform Memory Stats for Windows
[2017.07.27-13.14.53:467][532]LogMemory: Process Physical Memory: 742.27 MB used, 829.66 MB peak
[2017.07.27-13.14.53:467][532]LogMemory: Process Virtual Memory: 1232.41 MB used, 1241.30 MB peak
[2017.07.27-13.14.53:467][532]LogMemory: Physical Memory: 16486.30 MB used,  16241.88 MB free, 32728.18 MB total
[2017.07.27-13.14.53:467][532]LogMemory: Virtual Memory: 1857.27 MB used,  16241.88 MB free, 134217728.00 MB total
[2017.07.27-13.14.53:467][532]LogMemory: 
[2017.07.27-13.14.53:467][532]Allocator Stats for TBB: (not implemented)
[2017.07.27-13.14.53:492][532]LogAIModule: Creating AISystem for world Menu
[2017.07.27-13.14.53:518][532]LogLoad: Game class is 'BP_Pong_GameMode_C'
[2017.07.27-13.14.53:520][532]LogWorld: Bringing World /Game/Levels/Menu.Menu up for play (max tick rate 0) at 2017.07.27-16.14.53
[2017.07.27-13.14.53:520][532]LogWorld: Bringing up level for play took: 0.000607
[2017.07.27-13.14.53:521][532]LogGameMode: FindPlayerStart: PATHS NOT DEFINED or NO PLAYERSTART with positive rating
[2017.07.27-13.14.53:523][532]LogLoad: Took 0.077094 seconds to LoadMap(/Game/Levels/Menu)
[2017.07.27-13.14.59:399][893]LogPackageName: SearchForPackageOnDisk took   0.063s to resolve P1_Main.umap.
[2017.07.27-13.14.59:463][893]LogPackageName: SearchForPackageOnDisk took   0.064s to resolve P1_Main.umap.
[2017.07.27-13.14.59:463][893]LogNet: Browse: /Game/Levels/P1_Main
[2017.07.27-13.14.59:463][893]LogLoad: LoadMap: /Game/Levels/P1_Main
[2017.07.27-13.14.59:481][893]LogMemory: Platform Memory Stats for Windows
[2017.07.27-13.14.59:481][893]LogMemory: Process Physical Memory: 740.61 MB used, 829.66 MB peak
[2017.07.27-13.14.59:481][893]LogMemory: Process Virtual Memory: 1284.39 MB used, 1284.39 MB peak
[2017.07.27-13.14.59:481][893]LogMemory: Physical Memory: 16484.23 MB used,  16243.95 MB free, 32728.18 MB total
[2017.07.27-13.14.59:481][893]LogMemory: Virtual Memory: 1936.83 MB used,  16243.95 MB free, 134217728.00 MB total
[2017.07.27-13.14.59:481][893]LogMemory: 
[2017.07.27-13.14.59:481][893]Allocator Stats for TBB: (not implemented)
[2017.07.27-13.14.59:653][893]LogAIModule: Creating AISystem for world P1_Main
[2017.07.27-13.14.59:656][893]LogLoad: Game class is 'BP_Pong_GameMode_C'
[2017.07.27-13.14.59:660][893]LogWorld: Bringing World /Game/Levels/P1_Main.P1_Main up for play (max tick rate 0) at 2017.07.27-16.14.59
[2017.07.27-13.14.59:660][893]LogWorld: Bringing up level for play took: 0.002836
[2017.07.27-13.14.59:661][893]LogLoad: Took 0.197992 seconds to LoadMap(/Game/Levels/P1_Main)
[2017.07.27-13.15.00:338][930]LogPackageName: SearchForPackageOnDisk took   0.094s to resolve Menu.umap.
[2017.07.27-13.15.00:408][931]LogPackageName: SearchForPackageOnDisk took   0.068s to resolve Menu.umap.
[2017.07.27-13.15.00:408][931]LogNet: Browse: /Game/Levels/Menu
[2017.07.27-13.15.00:408][931]LogLoad: LoadMap: /Game/Levels/Menu
[2017.07.27-13.15.00:429][931]LogMemory: Platform Memory Stats for Windows
[2017.07.27-13.15.00:429][931]LogMemory: Process Physical Memory: 745.17 MB used, 829.66 MB peak
[2017.07.27-13.15.00:429][931]LogMemory: Process Virtual Memory: 1317.59 MB used, 1331.91 MB peak
[2017.07.27-13.15.00:429][931]LogMemory: Physical Memory: 16484.48 MB used,  16243.70 MB free, 32728.18 MB total
[2017.07.27-13.15.00:429][931]LogMemory: Virtual Memory: 1944.83 MB used,  16243.70 MB free, 134217728.00 MB total
[2017.07.27-13.15.00:429][931]LogMemory: 
[2017.07.27-13.15.00:429][931]Allocator Stats for TBB: (not implemented)
[2017.07.27-13.15.00:454][931]LogAIModule: Creating AISystem for world Menu
[2017.07.27-13.15.00:480][931]LogLoad: Game class is 'BP_Pong_GameMode_C'
[2017.07.27-13.15.00:482][931]LogWorld: Bringing World /Game/Levels/Menu.Menu up for play (max tick rate 0) at 2017.07.27-16.15.00
[2017.07.27-13.15.00:482][931]LogWorld: Bringing up level for play took: 0.000580
[2017.07.27-13.15.00:482][931]LogGameMode: FindPlayerStart: PATHS NOT DEFINED or NO PLAYERSTART with positive rating
[2017.07.27-13.15.00:484][931]LogLoad: Took 0.076539 seconds to LoadMap(/Game/Levels/Menu)
[2017.07.27-13.15.05:675][246]LogWindowsTextInputMethodSystem:Display: IME system now deactivated.
[2017.07.27-13.15.05:676][246]LogWindowsTextInputMethodSystem:Display: IME system now deactivated.
[2017.07.27-13.15.05:676][246]LogEngine: All Windows Closed
[2017.07.27-13.15.05:677][246]LogWindows: FPlatformMisc::RequestExit(0)
[2017.07.27-13.15.05:728][247]LogExit: Preparing to exit.
[2017.07.27-13.15.05:728][247]LogMoviePlayer: Shutting down movie player
[2017.07.27-13.15.06:428][247]LogExit: Game engine shut down
[2017.07.27-13.15.06:491][247]LogObj: Freed 0b from 0 cluster array pools.
[2017.07.27-13.15.06:491][247]LogExit: Object subsystem successfully closed.
[2017.07.27-13.15.06:510][247]LogD3D11RHI: Shutdown
[2017.07.27-13.15.06:510][247]LogD3D11RHI: CleanupD3DDevice
[2017.07.27-13.15.06:560][247]LogD3D11RHI: ~FD3D11DynamicRHI
[2017.07.27-13.15.06:569][247]LogModuleManager: Shutting down and abandoning module SequenceRecorderSections (296)
[2017.07.27-13.15.06:569][247]LogModuleManager: Shutting down and abandoning module SequenceRecorder (294)
[2017.07.27-13.15.06:569][247]LogModuleManager: Shutting down and abandoning module AutomationController (292)
[2017.07.27-13.15.06:569][247]LogModuleManager: Shutting down and abandoning module AutomationWorker (290)
[2017.07.27-13.15.06:569][247]LogModuleManager: Shutting down and abandoning module AIModule (288)
[2017.07.27-13.15.06:569][247]LogModuleManager: Shutting down and abandoning module GameplayDebugger (287)
[2017.07.27-13.15.06:569][247]LogModuleManager: Shutting down and abandoning module AITestSuite (285)
[2017.07.27-13.15.06:569][247]LogModuleManager: Shutting down and abandoning module WmfMediaFactory (282)
[2017.07.27-13.15.06:569][247]LogModuleManager: Shutting down and abandoning module AvfMediaFactory (280)
[2017.07.27-13.15.06:569][247]LogModuleManager: Shutting down and abandoning module AndroidMediaFactory (278)
[2017.07.27-13.15.06:569][247]LogModuleManager: Shutting down and abandoning module Media (277)
[2017.07.27-13.15.06:569][247]LogModuleManager: Shutting down and abandoning module CharacterAI (274)
[2017.07.27-13.15.06:569][247]LogModuleManager: Shutting down and abandoning module SessionServices (272)
[2017.07.27-13.15.06:569][247]LogModuleManager: Shutting down and abandoning module MovieSceneCapture (270)
[2017.07.27-13.15.06:569][247]LogModuleManager: Shutting down and abandoning module MovieSceneTracks (268)
[2017.07.27-13.15.06:569][247]LogModuleManager: Shutting down and abandoning module MovieScene (266)
[2017.07.27-13.15.06:569][247]LogModuleManager: Shutting down and abandoning module GeometryCache (264)
[2017.07.27-13.15.06:569][247]LogModuleManager: Shutting down and abandoning module GeometryCacheEd (263)
[2017.07.27-13.15.06:569][247]LogModuleManager: Shutting down and abandoning module Niagara (260)
[2017.07.27-13.15.06:569][247]LogModuleManager: Shutting down and abandoning module NiagaraEditor (259)
[2017.07.27-13.15.06:569][247]LogModuleManager: Shutting down and abandoning module StreamingPauseRendering (256)
[2017.07.27-13.15.06:569][247]LogModuleManager: Shutting down and abandoning module PortalServices (254)
[2017.07.27-13.15.06:569][247]LogModuleManager: Shutting down and abandoning module PortalRpc (252)
[2017.07.27-13.15.06:569][247]LogModuleManager: Shutting down and abandoning module MessagingRpc (250)
[2017.07.27-13.15.06:569][247]LogModuleManager: Shutting down and abandoning module ProfilerService (248)
[2017.07.27-13.15.06:704][247]LogModuleManager: Shutting down and abandoning module TaskGraph (246)
[2017.07.27-13.15.06:704][247]LogModuleManager: Shutting down and abandoning module SteamVRController (244)
[2017.07.27-13.15.06:704][247]LogModuleManager: Shutting down and abandoning module SteamVR (242)
[2017.07.27-13.15.06:704][247]LogModuleManager: Shutting down and abandoning module ProceduralMeshComponent (240)
[2017.07.27-13.15.06:704][247]LogModuleManager: Shutting down and abandoning module OculusLibrary (238)
[2017.07.27-13.15.06:704][247]LogModuleManager: Shutting down and abandoning module OculusInput (236)
[2017.07.27-13.15.06:704][247]LogModuleManager: Shutting down and abandoning module MobilePatchingUtils (234)
[2017.07.27-13.15.06:704][247]LogModuleManager: Shutting down and abandoning module CustomMeshComponent (232)
[2017.07.27-13.15.06:704][247]LogModuleManager: Shutting down and abandoning module CableComponent (230)
[2017.07.27-13.15.06:704][247]LogModuleManager: Shutting down and abandoning module ArchVisCharacter (228)
[2017.07.27-13.15.06:704][247]LogModuleManager: Shutting down and abandoning module AndroidPermission (226)
[2017.07.27-13.15.06:704][247]LogModuleManager: Shutting down and abandoning module HTML5Networking (222)
[2017.07.27-13.15.06:704][247]LogModuleManager: Shutting down and abandoning module VisualStudioSourceCodeAccess (220)
[2017.07.27-13.15.06:704][247]LogModuleManager: Shutting down and abandoning module DesktopPlatform (219)
[2017.07.27-13.15.06:704][247]LogModuleManager: Shutting down and abandoning module HotReload (217)
[2017.07.27-13.15.06:704][247]LogModuleManager: Shutting down and abandoning module UObjectPlugin (214)
[2017.07.27-13.15.06:704][247]LogModuleManager: Shutting down and abandoning module SubversionSourceControl (212)
[2017.07.27-13.15.06:704][247]LogModuleManager: Shutting down and abandoning module PerforceSourceControl (210)
[2017.07.27-13.15.06:704][247]LogModuleManager: Shutting down and abandoning module SourceControl (209)
[2017.07.27-13.15.06:704][247]LogModuleManager: Shutting down and abandoning module PhysXVehiclesEditor (206)
[2017.07.27-13.15.06:704][247]LogModuleManager: Shutting down and abandoning module PhysXVehicles (204)
[2017.07.27-13.15.06:704][247]LogModuleManager: Shutting down and abandoning module LocationServicesBPLibrary (202)
[2017.07.27-13.15.06:704][247]LogModuleManager: Shutting down and abandoning module ImmediatePhysicsEditor (200)
[2017.07.27-13.15.06:704][247]LogModuleManager: Shutting down and abandoning module ImmediatePhysics (198)
[2017.07.27-13.15.06:704][247]LogModuleManager: Shutting down and abandoning module UdpMessaging (196)
[2017.07.27-13.15.06:805][247]LogModuleManager: Shutting down and abandoning module TcpMessaging (194)
[2017.07.27-13.15.07:248][247]LogModuleManager: Shutting down and abandoning module GameplayTagsEditor (192)
[2017.07.27-13.15.07:248][247]LogModuleManager: Shutting down and abandoning module FacialAnimation (190)
[2017.07.27-13.15.07:248][247]LogModuleManager: Shutting down and abandoning module AssetManagerEditor (188)
[2017.07.27-13.15.07:248][247]LogModuleManager: Shutting down and abandoning module GraphEditor (187)
[2017.07.27-13.15.07:249][247]LogModuleManager: Shutting down and abandoning module ContentBrowser (185)
[2017.07.27-13.15.07:249][247]LogModuleManager: Shutting down and abandoning module CollectionManager (184)
[2017.07.27-13.15.07:249][247]LogDirectoryWatcher: A directory notification for 'B:/Work/UnrealEngine/Pong/Content/Collections/' was aborted.
[2017.07.27-13.15.07:249][247]LogDirectoryWatcher: A directory notification for 'B:/Work/UnrealEngine/Pong/Content/Developers/Bomberman/Collections/' was aborted.
[2017.07.27-13.15.07:249][247]LogDirectoryWatcher: A directory notification for 'B:/Work/UnrealEngine/Pong/Saved/Collections/' was aborted.
[2017.07.27-13.15.07:249][247]LogModuleManager: Shutting down and abandoning module DirectoryWatcher (183)
[2017.07.27-13.15.07:249][247]LogModuleManager: Shutting down and abandoning module LightPropagationVolumeRuntime (178)
[2017.07.27-13.15.07:249][247]LogModuleManager: Shutting down and abandoning module Paper2D (176)
[2017.07.27-13.15.07:249][247]LogModuleManager: Shutting down and abandoning module WindowsMoviePlayer (174)
[2017.07.27-13.15.07:249][247]LogModuleManager: Shutting down and abandoning module WmfMedia (172)
[2017.07.27-13.15.07:249][247]LogModuleManager: Shutting down and abandoning module ClothingSystemEditor (170)
[2017.07.27-13.15.07:249][247]LogModuleManager: Shutting down and abandoning module ClothingSystemRuntime (168)
[2017.07.27-13.15.07:249][247]LogModuleManager: Shutting down and abandoning module MediaAssets (166)
[2017.07.27-13.15.07:249][247]LogModuleManager: Shutting down and abandoning module GameLiveStreaming (164)
[2017.07.27-13.15.07:250][247]LogModuleManager: Shutting down and abandoning module VREditor (162)
[2017.07.27-13.15.07:250][247]LogModuleManager: Shutting down and abandoning module StringTableEditor (160)
[2017.07.27-13.15.07:250][247]LogModuleManager: Shutting down and abandoning module GameplayTasksEditor (158)
[2017.07.27-13.15.07:250][247]LogModuleManager: Shutting down and abandoning module BehaviorTreeEditor (156)
[2017.07.27-13.15.07:250][247]LogModuleManager: Shutting down and abandoning module FunctionalTesting (154)
[2017.07.27-13.15.07:250][247]LogModuleManager: Shutting down and abandoning module CollisionAnalyzer (152)
[2017.07.27-13.15.07:250][247]LogModuleManager: Shutting down and abandoning module UMG (150)
[2017.07.27-13.15.07:250][247]LogModuleManager: Shutting down and abandoning module UMGEditor (149)
[2017.07.27-13.15.07:250][247]LogModuleManager: Shutting down and abandoning module Sequencer (148)
[2017.07.27-13.15.07:250][247]LogModuleManager: Shutting down and abandoning module AssetTools (146)
[2017.07.27-13.15.07:250][247]LogModuleManager: Shutting down and abandoning module MessageLog (145)
[2017.07.27-13.15.07:250][247]LogModuleManager: Shutting down and abandoning module WorkspaceMenuStructure (144)
[2017.07.27-13.15.07:250][247]LogModuleManager: Shutting down and abandoning module SlateReflector (138)
[2017.07.27-13.15.07:250][247]LogModuleManager: Shutting down and abandoning module Slate (136)
[2017.07.27-13.15.07:250][247]LogModuleManager: Shutting down and abandoning module EditorStyle (134)
[2017.07.27-13.15.07:254][247]LogModuleManager: Shutting down and abandoning module Messaging (132)
[2017.07.27-13.15.07:254][247]LogModuleManager: Shutting down and abandoning module SourceCodeAccess (130)
[2017.07.27-13.15.07:254][247]LogModuleManager: Shutting down and abandoning module HeadMountedDisplay (128)
[2017.07.27-13.15.07:254][247]LogModuleManager: Shutting down and abandoning module XAudio2 (126)
[2017.07.27-13.15.07:254][247]LogModuleManager: Shutting down and abandoning module Networking (124)
[2017.07.27-13.15.07:254][247]LogModuleManager: Shutting down and abandoning module Core (120)
[2017.07.27-13.15.07:254][247]LogModuleManager: Shutting down and abandoning module KismetCompiler (118)
[2017.07.27-13.15.07:254][247]LogModuleManager: Shutting down and abandoning module LevelSequence (116)
[2017.07.27-13.15.07:254][247]LogModuleManager: Shutting down and abandoning module PhysXFormats (114)
[2017.07.27-13.15.07:254][247]LogModuleManager: Shutting down and abandoning module MeshUtilities (112)
[2017.07.27-13.15.07:255][247]LogModuleManager: Shutting down and abandoning module SimplygonSwarm (111)
[2017.07.27-13.15.07:255][247]LogModuleManager: Shutting down and abandoning module SimplygonMeshReduction (109)
[2017.07.27-13.15.07:255][247]LogModuleManager: Shutting down and abandoning module QuadricMeshReduction (107)
[2017.07.27-13.15.07:255][247]LogModuleManager: Shutting down and abandoning module AssetRegistry (104)
[2017.07.27-13.15.07:255][247]LogModuleManager: Shutting down and abandoning module DerivedDataCache (102)
[2017.07.27-13.15.07:515][247]LogDerivedDataCache: Shutdown
[2017.07.27-13.15.07:515][247]LogModuleManager: Shutting down and abandoning module TargetPlatform (100)
[2017.07.27-13.15.07:515][247]LogModuleManager: Shutting down and abandoning module VulkanShaderFormat (99)
[2017.07.27-13.15.07:515][247]LogModuleManager: Shutting down and abandoning module ShaderFormatVectorVM (97)
[2017.07.27-13.15.07:515][247]LogModuleManager: Shutting down and abandoning module ShaderFormatOpenGL (95)
[2017.07.27-13.15.07:515][247]LogModuleManager: Shutting down and abandoning module ShaderFormatD3D (93)
[2017.07.27-13.15.07:515][247]LogModuleManager: Shutting down and abandoning module MetalShaderFormat (91)
[2017.07.27-13.15.07:515][247]LogModuleManager: Shutting down and abandoning module TextureFormatUncompressed (89)
[2017.07.27-13.15.07:515][247]LogModuleManager: Shutting down and abandoning module TextureFormatPVR (87)
[2017.07.27-13.15.07:515][247]LogModuleManager: Shutting down and abandoning module TextureFormatDXT (85)
[2017.07.27-13.15.07:515][247]LogModuleManager: Shutting down and abandoning module TextureFormatIntelISPCTexComp (83)
[2017.07.27-13.15.07:515][247]LogModuleManager: Shutting down and abandoning module TextureFormatASTC (81)
[2017.07.27-13.15.07:515][247]LogModuleManager: Shutting down and abandoning module ImageWrapper (80)
[2017.07.27-13.15.07:515][247]LogModuleManager: Shutting down and abandoning module TextureFormatAndroid (77)
[2017.07.27-13.15.07:515][247]LogModuleManager: Shutting down and abandoning module AudioFormatOpus (75)
[2017.07.27-13.15.07:515][247]LogModuleManager: Shutting down and abandoning module AudioFormatOgg (73)
[2017.07.27-13.15.07:515][247]LogModuleManager: Shutting down and abandoning module AudioFormatADPCM (71)
[2017.07.27-13.15.07:515][247]LogModuleManager: Shutting down and abandoning module WindowsTargetPlatform (69)
[2017.07.27-13.15.07:515][247]LogModuleManager: Shutting down and abandoning module WindowsServerTargetPlatform (67)
[2017.07.27-13.15.07:515][247]LogModuleManager: Shutting down and abandoning module WindowsNoEditorTargetPlatform (65)
[2017.07.27-13.15.07:515][247]LogModuleManager: Shutting down and abandoning module WindowsClientTargetPlatform (63)
[2017.07.27-13.15.07:515][247]LogModuleManager: Shutting down and abandoning module InputCore (60)
[2017.07.27-13.15.07:515][247]LogModuleManager: Shutting down and abandoning module Settings (58)
[2017.07.27-13.15.07:515][247]LogModuleManager: Shutting down and abandoning module OculusRift (56)
[2017.07.27-13.15.07:515][247]LogModuleManager: Shutting down and abandoning module GearVRController (54)
[2017.07.27-13.15.07:515][247]LogModuleManager: Shutting down and abandoning module GearVR (52)
[2017.07.27-13.15.07:515][247]LogModuleManager: Shutting down and abandoning module ExampleDeviceProfileSelector (50)
[2017.07.27-13.15.07:515][247]LogModuleManager: Shutting down and abandoning module OnlineBlueprintSupport (48)
[2017.07.27-13.15.07:515][247]LogModuleManager: Shutting down and abandoning module OnlineSubsystem (44)
[2017.07.27-13.15.07:515][247]LogOnline:Display: Unloading online subsystem: NULL
[2017.07.27-13.15.07:515][247]LogModuleManager: Shutting down and abandoning module XMPP (43)
[2017.07.27-13.15.07:515][247]LogModuleManager: Shutting down and abandoning module HTTP (41)
[2017.07.27-13.15.07:537][247]LogModuleManager: Shutting down and abandoning module SSL (40)
[2017.07.27-13.15.07:539][247]LogModuleManager: Shutting down and abandoning module HTTPChunkInstaller (36)
[2017.07.27-13.15.07:539][247]LogModuleManager: Shutting down and abandoning module AnimationModifiers (34)
[2017.07.27-13.15.07:539][247]LogModuleManager: Shutting down and abandoning module PropertyEditor (33)
[2017.07.27-13.15.07:539][247]LogModuleManager: Shutting down and abandoning module AudioEditor (30)
[2017.07.27-13.15.07:539][247]LogModuleManager: Shutting down and abandoning module TextureCompressor (28)
[2017.07.27-13.15.07:540][247]LogModuleManager: Shutting down and abandoning module ShaderCore (26)
[2017.07.27-13.15.07:540][247]LogModuleManager: Shutting down and abandoning module Landscape (24)
[2017.07.27-13.15.07:540][247]LogModuleManager: Shutting down and abandoning module SlateRHIRenderer (22)
[2017.07.27-13.15.07:540][247]LogModuleManager: Shutting down and abandoning module OpenGLDrv (20)
[2017.07.27-13.15.07:540][247]LogModuleManager: Shutting down and abandoning module D3D11RHI (18)
[2017.07.27-13.15.07:540][247]LogModuleManager: Shutting down and abandoning module AnimGraphRuntime (16)
[2017.07.27-13.15.07:540][247]LogModuleManager: Shutting down and abandoning module Renderer (14)
[2017.07.27-13.15.07:540][247]LogModuleManager: Shutting down and abandoning module Engine (12)
[2017.07.27-13.15.07:540][247]LogModuleManager: Shutting down and abandoning module CoreUObject (10)
[2017.07.27-13.15.07:540][247]LogModuleManager: Shutting down and abandoning module NetworkFile (8)
[2017.07.27-13.15.07:540][247]LogModuleManager: Shutting down and abandoning module StreamingFile (6)
[2017.07.27-13.15.07:540][247]LogModuleManager: Shutting down and abandoning module SandboxFile (4)
[2017.07.27-13.15.07:540][247]LogModuleManager: Shutting down and abandoning module PakFile (2)
[2017.07.27-13.15.07:542][247]LogExit: Exiting.
[2017.07.27-13.15.07:544][247]Log file closed, 07/27/17 16:15:07
